<?xml version="1.0" encoding="UTF-8"?>
<testsuite xmlns:xsi="http://www.w3.org/2001/XMLSchema-instance" xsi:noNamespaceSchemaLocation="https://maven.apache.org/surefire/maven-surefire-plugin/xsd/surefire-test-report-3.0.xsd" version="3.0" name="com.abhi.SpringJDBC.SpringJdbcApplicationTests" time="3.844" tests="1" errors="0" skipped="0" failures="0">
  <properties>
[...]
</properties>
  <testcase name="contextLoads" classname="com.abhi.SpringJDBC.SpringJdbcApplicationTests" time="0.977">
    <system-out><![CDATA[02:04:07.924 [main] INFO org.springframework.test.context.support.AnnotationConfigContextLoaderUtils -- Could not detect default configuration classes for test class [com.abhi.SpringJDBC.SpringJdbcApplicationTests]: SpringJdbcApplicationTests does not declare any static, non-private, non-final, nested classes annotated with @Configuration.
02:04:08.082 [main] INFO org.springframework.boot.test.context.SpringBootTestContextBootstrapper -- Found @SpringBootConfiguration com.abhi.SpringJDBC.SpringJdbcApplication for test class com.abhi.SpringJDBC.SpringJdbcApplicationTests

  .   ____          _            __ _ _
 /\\ / ___'_ __ _ _(_)_ __  __ _ \ \ \ \
( ( )\___ | '_ | '_| | '_ \/ _` | \ \ \ \
 \\/  ___)| |_)| | | | | || (_| |  ) ) ) )
  '  |____| .__|_| |_|_| |_\__, | / / / /
 =========|_|==============|___/=/_/_/_/
 :: Spring Boot ::                (v3.2.1)

2024-01-06T02:04:08.779+05:30  INFO 3572 --- [           main] c.a.S.SpringJdbcApplicationTests         : Starting SpringJdbcApplicationTests using Java 20.0.2 with PID 3572 (started by abhi in C:\Users\abhi\SpringBoot-JDBC-using-jdbcTemplate)
2024-01-06T02:04:08.781+05:30  INFO 3572 --- [           main] c.a.S.SpringJdbcApplicationTests         : No active profile set, falling back to 1 default profile: "default"
2024-01-06T02:04:09.822+05:30  INFO 3572 --- [           main] com.zaxxer.hikari.HikariDataSource       : HikariPool-1 - Starting...
2024-01-06T02:04:10.163+05:30  INFO 3572 --- [           main] com.zaxxer.hikari.pool.HikariPool        : HikariPool-1 - Added connection conn0: url=jdbc:h2:mem:52ae7e9f-be35-489b-b63e-5782450f5746 user=SA
2024-01-06T02:04:10.166+05:30  INFO 3572 --- [           main] com.zaxxer.hikari.HikariDataSource       : HikariPool-1 - Start completed.
2024-01-06T02:04:10.522+05:30  INFO 3572 --- [           main] c.a.S.SpringJdbcApplicationTests         : Started SpringJdbcApplicationTests in 2.201 seconds (process running for 3.773)
]]></system-out>
  </testcase>
</testsuite>